[89636:99032:0121/222954.144:WARNING:chrome_main_delegate.cc(745)] This is Chrome version 128.0.6613.138 (not a warning)
[89636:109528:0121/222954.193:ERROR:google_update_settings.cc(265)] Failed opening key Software\Chromium to set usagestats; result: 5
[89636:99032:0121/222954.202:WARNING:account_consistency_mode_manager.cc(77)] Desktop Identity Consistency cannot be enabled as no OAuth client ID and client secret have been configured.
[89636:99032:0121/222958.355:WARNING:external_registry_loader_win.cc(232)] Error observing HKLM: 5
[96772:110104:0121/222959.416:ERROR:backend_impl.cc(989)] Critical error found -8
[96772:110104:0121/222959.472:WARNING:storage_block-inl.h(138)] Failed data load.
[78600:108260:0121/222959.564:WARNING:frame_impl.cc(430)] virtual CefFrameImpl::SendProcessMessage sent to detached frame 5-95D91680DFA2A20362D09A7C25A211CD will be ignored
[89636:108888:0121/223000.971:WARNING:browser_info.cc(345)] Returning a speculative frame for [8,9]
[89636:99032:0121/223001.297:WARNING:browser_info.cc(345)] Returning a speculative frame for [9,9]
[89636:99032:0121/223001.297:WARNING:browser_info.cc(345)] Returning a speculative frame for [9,9]
[89636:99032:0121/223001.297:WARNING:browser_info.cc(345)] Returning a speculative frame for [9,9]
[89636:99032:0121/223001.297:WARNING:browser_info.cc(345)] Returning a speculative frame for [9,9]
[89636:108888:0121/223001.302:WARNING:browser_info.cc(345)] Returning a speculative frame for [9,9]
[86756:101936:0121/223225.477:ERROR:shared_image_manager.cc(224)] SharedImageManager::ProduceSkia: Trying to Produce a Skia representation from a non-existent mailbox.
[89636:99032:0121/223452.630:ERROR:device_event_log_impl.cc(196)] [22:34:52.371] USB: usb_service_win.cc:105 SetupDiGetDeviceProperty({{A45C254E-DF1C-4EFD-8020-67D146A850E0}, 6}) failed: 找不到元素。 (0x490)
[89636:99032:0121/224040.451:ERROR:device_event_log_impl.cc(196)] [22:40:40.427] USB: usb_service_win.cc:105 SetupDiGetDeviceProperty({{A45C254E-DF1C-4EFD-8020-67D146A850E0}, 6}) failed: 找不到元素。 (0x490)
[89636:99032:0121/224040.784:ERROR:device_event_log_impl.cc(196)] [22:40:40.465] USB: usb_service_win.cc:308 SetupDiEnumDeviceInterfaces: 没有可用的数据了。 (0x103)
[96772:104812:0121/231938.716:ERROR:ssl_client_socket_impl.cc(882)] handshake failed; returned -1, SSL error code 1, net_error -101
[96772:104812:0121/231948.716:ERROR:ssl_client_socket_impl.cc(882)] handshake failed; returned -1, SSL error code 1, net_error -101
[89636:99032:0121/232730.415:WARNING:pref_notifier_impl.cc(41)] Pref observer for media_router.cast_allow_all_ips found at shutdown.
