<<<<<<< Updated upstream
[33964:30044:0130/112957.268:WARNING:chrome_main_delegate.cc(745)] This is Chrome version 128.0.6613.138 (not a warning)
[33964:53232:0130/112957.315:ERROR:google_update_settings.cc(265)] Failed opening key Software\Chromium to set usagestats; result: 5
[33964:30044:0130/112957.325:WARNING:account_consistency_mode_manager.cc(77)] Desktop Identity Consistency cannot be enabled as no OAuth client ID and client secret have been configured.
[33964:30044:0130/113000.537:WARNING:external_registry_loader_win.cc(232)] Error observing HKLM: 5
[15016:2856:0130/113001.697:WARNING:frame_impl.cc(430)] virtual CefFrameImpl::SendProcessMessage sent to detached frame 5-A461C05F8918821A613D16503CEAEEB0 will be ignored
[33964:28408:0130/113002.140:WARNING:browser_info.cc(345)] Returning a speculative frame for [7,9]
[33964:30044:0130/113002.433:WARNING:browser_info.cc(345)] Returning a speculative frame for [8,9]
[33964:30044:0130/113002.433:WARNING:browser_info.cc(345)] Returning a speculative frame for [8,9]
[33964:30044:0130/113002.433:WARNING:browser_info.cc(345)] Returning a speculative frame for [8,9]
[33964:30044:0130/113002.433:WARNING:browser_info.cc(345)] Returning a speculative frame for [8,9]
[33964:28408:0130/113002.437:WARNING:browser_info.cc(345)] Returning a speculative frame for [8,9]
[48072:37860:0130/113209.601:ERROR:shared_image_manager.cc(224)] SharedImageManager::ProduceSkia: Trying to Produce a Skia representation from a non-existent mailbox.
[33964:30044:0130/115203.840:WARNING:pref_notifier_impl.cc(41)] Pref observer for media_router.cast_allow_all_ips found at shutdown.
=======
[2900:16304:0130/143218.068:WARNING:chrome_main_delegate.cc(745)] This is Chrome version 128.0.6613.138 (not a warning)
[2900:16304:0130/143218.099:WARNING:account_consistency_mode_manager.cc(77)] Desktop Identity Consistency cannot be enabled as no OAuth client ID and client secret have been configured.
[2900:13380:0130/143221.029:WARNING:leveldb_database.cc(141)] Unable to open E:\1\PhaseProtocol\PhaseProtocol\Saved\webcache_6613\Default\shared_proto_db\metadata: IO error: E:\1\PhaseProtocol\PhaseProtocol\Saved\webcache_6613\Default\shared_proto_db\metadata/MANIFEST-000001: Unable to create sequential file (ChromeMethodBFE: 7::NewSequentialFile::1)
[2900:13380:0130/143221.030:WARNING:leveldb_database.cc(141)] Unable to open E:\1\PhaseProtocol\PhaseProtocol\Saved\webcache_6613\Default\shared_proto_db\metadata: IO error: E:\1\PhaseProtocol\PhaseProtocol\Saved\webcache_6613\Default\shared_proto_db\metadata/MANIFEST-000001: Unable to create sequential file (ChromeMethodBFE: 7::NewSequentialFile::1)
[2900:13380:0130/143221.033:WARNING:leveldb_database.cc(141)] Unable to open E:\1\PhaseProtocol\PhaseProtocol\Saved\webcache_6613\Default\shared_proto_db\metadata: IO error: E:\1\PhaseProtocol\PhaseProtocol\Saved\webcache_6613\Default\shared_proto_db\metadata/MANIFEST-000001: Unable to create sequential file (ChromeMethodBFE: 7::NewSequentialFile::1)
[2900:13380:0130/143221.033:WARNING:leveldb_database.cc(141)] Unable to open E:\1\PhaseProtocol\PhaseProtocol\Saved\webcache_6613\Default\shared_proto_db\metadata: IO error: E:\1\PhaseProtocol\PhaseProtocol\Saved\webcache_6613\Default\shared_proto_db\metadata/MANIFEST-000001: Unable to create sequential file (ChromeMethodBFE: 7::NewSequentialFile::1)
[2900:10924:0130/143221.349:WARNING:value_store_frontend.cc(47)] Reading ahfgeienlihckogmohjhadlkjgocpleb.alarms from  failed: IO error: .../MANIFEST-000001: Unable to create sequential file (ChromeMethodBFE: 7::NewSequentialFile::1)
[2900:10924:0130/143221.350:WARNING:value_store_frontend.cc(47)] Reading mhjfbmdgcfjbbpaeojofohoefgiehjai.alarms from  failed: IO error: .../MANIFEST-000001: Unable to create sequential file (ChromeMethodBFE: 7::NewSequentialFile::1)
[15208:15212:0130/143222.041:WARNING:frame_impl.cc(430)] virtual CefFrameImpl::SendProcessMessage sent to detached frame 5-E19225BE8748645C7DDB49E5D0C50FA0 will be ignored
[2900:5896:0130/143223.086:WARNING:browser_info.cc(345)] Returning a speculative frame for [7,9]
[2900:16304:0130/143223.787:WARNING:browser_info.cc(345)] Returning a speculative frame for [8,9]
[2900:16304:0130/143223.787:WARNING:browser_info.cc(345)] Returning a speculative frame for [8,9]
[2900:16304:0130/143223.788:WARNING:browser_info.cc(345)] Returning a speculative frame for [8,9]
[2900:16304:0130/143223.788:WARNING:browser_info.cc(345)] Returning a speculative frame for [8,9]
[2900:5896:0130/143223.789:WARNING:browser_info.cc(345)] Returning a speculative frame for [8,9]
[2900:13664:0130/143224.876:WARNING:leveldb_database.cc(141)] Unable to open E:\1\PhaseProtocol\PhaseProtocol\Saved\webcache_6613\Default\GCM Store\Encryption: IO error: E:\1\PhaseProtocol\PhaseProtocol\Saved\webcache_6613\Default\GCM Store\Encryption/MANIFEST-000001: Unable to create sequential file (ChromeMethodBFE: 7::NewSequentialFile::1)
[2900:16304:0130/143240.128:WARNING:pref_notifier_impl.cc(41)] Pref observer for media_router.cast_allow_all_ips found at shutdown.
>>>>>>> Stashed changes
