[21884:15468:0206/124736.431:WARNING:chrome_main_delegate.cc(745)] This is Chrome version 128.0.6613.138 (not a warning)
[21884:31860:0206/124736.712:ERROR:google_update_settings.cc(265)] Failed opening key Software\Chromium to set usagestats; result: 5
[21884:15468:0206/124736.827:WARNING:account_consistency_mode_manager.cc(77)] Desktop Identity Consistency cannot be enabled as no OAuth client ID and client secret have been configured.
[21884:15468:0206/124743.299:WARNING:external_registry_loader_win.cc(232)] Error observing HKLM: 5
[29680:41688:0206/124746.987:WARNING:frame_impl.cc(430)] virtual CefFrameImpl::SendProcessMessage sent to detached frame 5-2A1AF7C8EB5B121A2D4A5A4F4BDB2990 will be ignored
[21884:4532:0206/124748.987:WARNING:browser_info.cc(345)] Returning a speculative frame for [8,9]
[21884:15468:0206/124749.653:WARNING:browser_info.cc(345)] Returning a speculative frame for [9,9]
[21884:15468:0206/124749.653:WARNING:browser_info.cc(345)] Returning a speculative frame for [9,9]
[21884:15468:0206/124749.653:WARNING:browser_info.cc(345)] Returning a speculative frame for [9,9]
[21884:15468:0206/124749.653:WARNING:browser_info.cc(345)] Returning a speculative frame for [9,9]
[21884:4532:0206/124749.659:WARNING:browser_info.cc(345)] Returning a speculative frame for [9,9]
[7612:18988:0206/125002.173:ERROR:shared_image_manager.cc(224)] SharedImageManager::ProduceSkia: Trying to Produce a Skia representation from a non-existent mailbox.
[21884:15468:0206/130211.580:ERROR:device_event_log_impl.cc(196)] [13:02:11.568] USB: usb_service_win.cc:105 SetupDiGetDeviceProperty({{A45C254E-DF1C-4EFD-8020-67D146A850E0}, 6}) failed: 找不到元素。 (0x490)
[21884:15468:0206/130211.648:ERROR:device_event_log_impl.cc(196)] [13:02:11.641] USB: usb_service_win.cc:105 SetupDiGetDeviceProperty({{A45C254E-DF1C-4EFD-8020-67D146A850E0}, 6}) failed: 找不到元素。 (0x490)
[21884:15468:0206/130211.671:ERROR:device_event_log_impl.cc(196)] [13:02:11.649] USB: usb_service_win.cc:308 SetupDiEnumDeviceInterfaces: 没有可用的数据了。 (0x103)
[21884:15468:0206/130259.662:ERROR:device_event_log_impl.cc(196)] [13:02:59.641] USB: usb_service_win.cc:105 SetupDiGetDeviceProperty({{A45C254E-DF1C-4EFD-8020-67D146A850E0}, 6}) failed: 找不到元素。 (0x490)
[21884:15468:0206/130306.072:ERROR:device_event_log_impl.cc(196)] [13:03:05.957] USB: usb_service_win.cc:308 SetupDiEnumDeviceInterfaces: 没有可用的数据了。 (0x103)
[21884:15468:0206/130306.072:ERROR:device_event_log_impl.cc(196)] [13:03:06.004] USB: usb_service_win.cc:105 SetupDiGetDeviceProperty({{A45C254E-DF1C-4EFD-8020-67D146A850E0}, 6}) failed: 找不到元素。 (0x490)
[21884:15468:0206/130306.121:ERROR:device_event_log_impl.cc(196)] [13:03:06.072] USB: usb_service_win.cc:308 SetupDiEnumDeviceInterfaces: 没有可用的数据了。 (0x103)
[21884:15468:0206/130306.121:ERROR:device_event_log_impl.cc(196)] [13:03:06.093] USB: usb_service_win.cc:105 SetupDiGetDeviceProperty({{A45C254E-DF1C-4EFD-8020-67D146A850E0}, 6}) failed: 找不到元素。 (0x490)
[21884:15468:0206/130307.164:ERROR:device_event_log_impl.cc(196)] [13:03:07.093] USB: usb_service_win.cc:308 SetupDiEnumDeviceInterfaces: 没有可用的数据了。 (0x103)
[21884:15468:0206/130307.164:ERROR:device_event_log_impl.cc(196)] [13:03:07.131] USB: usb_service_win.cc:105 SetupDiGetDeviceProperty({{A45C254E-DF1C-4EFD-8020-67D146A850E0}, 6}) failed: 找不到元素。 (0x490)
[21884:15468:0206/130828.307:WARNING:pref_notifier_impl.cc(41)] Pref observer for media_router.cast_allow_all_ips found at shutdown.
